tfexample  master  6✎  $  terraform plan
Refreshing Terraform state in-memory prior to plan...
The refreshed state will be used to calculate this plan, but will not be
persisted to local or remote state storage.


------------------------------------------------------------------------

An execution plan has been generated and is shown below.
Resource actions are indicated with the following symbols:
  + create

Terraform will perform the following actions:

  + module.company-heroku.module.company-heroku-dev.heroku_drain.datadog
      id:                      <computed>
      app:                     "company-private-dev"
      token:                   <computed>
      url:                     "https://http-intake.logs.datadoghq.com/v1/input/APIKEY?ddsource=heroku&service=company-private-dev&host=company-private-dev"

  + module.company-heroku.module.company-heroku-dev.heroku_space_inbound_ruleset.default
      id:                      <computed>
      rule.#:                  "1"
      rule.165701255.action:   "allow"
      rule.165701255.source:   "98.152.9.242/32"
      space:                   "company-dev-space"

  + module.company-heroku.module.company-heroku-dev.module.addon-cloudamqp.heroku_addon.default
      id:                      <computed>
      app:                     "company-private-dev"
      config_vars.#:           <computed>
      name:                    <computed>
      plan:                    "cloudamqp:tiger"
      provider_id:             <computed>

  + module.company-heroku.module.company-heroku-dev.module.addon-heroku-postgresql.heroku_addon.default
      id:                      <computed>
      app:                     "company-private-dev"
      config_vars.#:           <computed>
      name:                    <computed>
      plan:                    "heroku-postgresql:standard-2"
      provider_id:             <computed>

  + module.company-heroku.module.company-heroku-dev.module.addon-memcachier.heroku_addon.default
      id:                      <computed>
      app:                     "company-private-dev"
      config_vars.#:           <computed>
      name:                    <computed>
      plan:                    "memcachier:dev"
      provider_id:             <computed>

  + module.company-heroku.module.company-heroku-dev.module.addon-newrelic.heroku_addon.default
      id:                      <computed>
      app:                     "company-private-dev"
      config_vars.#:           <computed>
      name:                    <computed>
      plan:                    "newrelic:wayne"
      provider_id:             <computed>

  + module.company-heroku.module.company-heroku-dev.module.addon-scheduler.heroku_addon.default
      id:                      <computed>
      app:                     "company-private-dev"
      config_vars.#:           <computed>
      name:                    <computed>
      plan:                    "scheduler:standard"
      provider_id:             <computed>

  + module.company-heroku.module.company-heroku-dev.module.company-app-dev.heroku_app.default
      id:                      <computed>
      all_config_vars.%:       <computed>
      buildpacks.#:            "4"
      buildpacks.0:            "https://github.com/DataDog/heroku-buildpack-datadog.git"
      buildpacks.1:            "https://github.com/heroku/heroku-buildpack-pgbouncer.git"
      buildpacks.2:            "https://github.com/andrewychoi/heroku-buildpack-scipy"
      buildpacks.3:            "https://github.com/dscout/wkhtmltopdf-buildpack.git"
      config_vars.#:           "1"
      config_vars.0.%:         "1"
      config_vars.0.APP_ENV:   "dev"
      git_url:                 <computed>
      heroku_hostname:         <computed>
      internal_routing:        <computed>
      name:                    "company-private-dev"
      region:                  "oregon"
      sensitive_config_vars.#: <computed>
      space:                   "company-dev-space"
      stack:                   <computed>
      uuid:                    <computed>
      web_url:                 <computed>

  + module.company-heroku.module.company-heroku-dev.module.space.heroku_space.default
      id:                      <computed>
      name:                    "company-dev-space"
      organization:            "company"
      outbound_ips.#:          <computed>
      region:                  "oregon"
      shield:                  "false"
      trusted_ip_ranges.#:     <computed>


Plan: 9 to add, 0 to change, 0 to destroy.

------------------------------------------------------------------------

Note: You didn't specify an "-out" parameter to save this plan, so Terraform
can't guarantee that exactly these actions will be performed if
"terraform apply" is subsequently run.
